\BOOKMARK [1][-]{section.1}{\376\377\000F\000u\000n\000z\000i\000o\000n\000a\000l\000i\000t\000\340\000\040\000d\000e\000l\000l\000'\000A\000p\000p\000l\000i\000c\000a\000z\000i\000o\000n\000e\000\040\000I\000g\000n\000i\000t\000i\000o\000n\000\040\000F\000i\000n\000a\000n\000c\000e}{}% 1
\BOOKMARK [1][-]{section*.3}{\376\377\000A\000R\000C\000H\000I\000T\000E\000T\000T\000U\000R\000A\000\040\000C\000O\000M\000P\000L\000E\000S\000S\000I\000V\000A\000\040\000D\000E\000L\000L\000'\000A\000P\000P\000L\000I\000C\000A\000Z\000I\000O\000N\000E\000\040\000I\000G\000N\000I\000T\000I\000O\000N\000\040\000F\000I\000N\000A\000N\000C\000E}{}% 2
\BOOKMARK [1][-]{section.2}{\376\377\000P\000r\000e\000a\000m\000b\000o\000l\000o}{}% 3
\BOOKMARK [1][-]{section.3}{\376\377\000P\000r\000i\000n\000c\000i\000p\000i\000\040\000G\000u\000i\000d\000a\000\040\000d\000e\000l\000l\000'\000A\000r\000c\000h\000i\000t\000e\000t\000t\000u\000r\000a}{}% 4
\BOOKMARK [1][-]{section.4}{\376\377\000C\000o\000m\000p\000o\000n\000e\000n\000t\000i\000\040\000A\000r\000c\000h\000i\000t\000e\000t\000t\000u\000r\000a\000l\000i}{}% 5
\BOOKMARK [2][-]{subsection.4.1}{\376\377\000P\000a\000c\000k\000a\000g\000e\000\040\000d\000a\000t\000a\000:\000\040\000I\000l\000\040\000N\000u\000c\000l\000e\000o\000\040\000d\000e\000l\000l\000'\000A\000c\000c\000e\000s\000s\000o\000\040\000a\000i\000\040\000D\000a\000t\000i}{section.4}% 6
\BOOKMARK [3][-]{subsubsection.4.1.1}{\376\377\000C\000o\000m\000p\000o\000n\000e\000n\000t\000i\000\040\000C\000h\000i\000a\000v\000e\000\040\000e\000\040\000M\000o\000d\000a\000l\000i\000t\000\340\000\040\000d\000i\000\040\000I\000n\000t\000e\000r\000a\000z\000i\000o\000n\000e}{subsection.4.1}% 7
\BOOKMARK [3][-]{subsubsection.4.1.2}{\376\377\000S\000c\000e\000l\000t\000e\000\040\000I\000m\000p\000l\000e\000m\000e\000n\000t\000a\000t\000i\000v\000e\000\040\000e\000\040\000M\000o\000t\000i\000v\000a\000z\000i\000o\000n\000i}{subsection.4.1}% 8
\BOOKMARK [2][-]{subsection.4.2}{\376\377\000P\000a\000c\000k\000a\000g\000e\000\040\000d\000o\000m\000a\000i\000n\000:\000\040\000L\000a\000\040\000L\000o\000g\000i\000c\000a\000\040\000d\000i\000\040\000B\000u\000s\000i\000n\000e\000s\000s\000\040\000a\000l\000\040\000C\000e\000n\000t\000r\000o}{section.4}% 9
\BOOKMARK [3][-]{subsubsection.4.2.1}{\376\377\000C\000o\000m\000p\000o\000n\000e\000n\000t\000i\000\040\000C\000h\000i\000a\000v\000e\000\040\000e\000\040\000M\000o\000d\000a\000l\000i\000t\000\340\000\040\000d\000i\000\040\000I\000n\000t\000e\000r\000a\000z\000i\000o\000n\000e}{subsection.4.2}% 10
\BOOKMARK [3][-]{subsubsection.4.2.2}{\376\377\000S\000c\000e\000l\000t\000e\000\040\000I\000m\000p\000l\000e\000m\000e\000n\000t\000a\000t\000i\000v\000e\000\040\000e\000\040\000M\000o\000t\000i\000v\000a\000z\000i\000o\000n\000i}{subsection.4.2}% 11
\BOOKMARK [3][-]{subsubsection.4.2.3}{\376\377\000M\000o\000d\000a\000l\000i\000t\000\340\000\040\000d\000i\000\040\000I\000n\000t\000e\000r\000a\000z\000i\000o\000n\000e\000\040\000c\000o\000n\000\040\000i\000l\000\040\000P\000a\000c\000k\000a\000g\000e\000\040\000d\000a\000t\000a}{subsection.4.2}% 12
\BOOKMARK [2][-]{subsection.4.3}{\376\377\000P\000a\000c\000k\000a\000g\000e\000\040\000p\000r\000e\000s\000e\000n\000t\000a\000t\000i\000o\000n\000\040\000e\000\040\000u\000i\000:\000\040\000L\000'\000E\000s\000p\000e\000r\000i\000e\000n\000z\000a\000\040\000U\000t\000e\000n\000t\000e}{section.4}% 13
\BOOKMARK [3][-]{subsubsection.4.3.1}{\376\377\000C\000o\000m\000p\000o\000n\000e\000n\000t\000i\000\040\000C\000h\000i\000a\000v\000e\000\040\000e\000\040\000M\000o\000d\000a\000l\000i\000t\000\340\000\040\000d\000i\000\040\000I\000n\000t\000e\000r\000a\000z\000i\000o\000n\000e}{subsection.4.3}% 14
\BOOKMARK [3][-]{subsubsection.4.3.2}{\376\377\000S\000c\000e\000l\000t\000e\000\040\000I\000m\000p\000l\000e\000m\000e\000n\000t\000a\000t\000i\000v\000e\000\040\000e\000\040\000M\000o\000t\000i\000v\000a\000z\000i\000o\000n\000i}{subsection.4.3}% 15
\BOOKMARK [2][-]{subsection.4.4}{\376\377\000P\000a\000c\000k\000a\000g\000e\000\040\000d\000i\000:\000\040\000L\000'\000O\000r\000c\000h\000e\000s\000t\000r\000a\000z\000i\000o\000n\000e\000\040\000d\000e\000l\000l\000e\000\040\000D\000i\000p\000e\000n\000d\000e\000n\000z\000e}{section.4}% 16
\BOOKMARK [3][-]{subsubsection.4.4.1}{\376\377\000C\000o\000m\000p\000o\000n\000e\000n\000t\000i\000\040\000C\000h\000i\000a\000v\000e\000\040\000e\000\040\000M\000o\000d\000a\000l\000i\000t\000\340\000\040\000d\000i\000\040\000I\000n\000t\000e\000r\000a\000z\000i\000o\000n\000e}{subsection.4.4}% 17
\BOOKMARK [3][-]{subsubsection.4.4.2}{\376\377\000S\000c\000e\000l\000t\000e\000\040\000I\000m\000p\000l\000e\000m\000e\000n\000t\000a\000t\000i\000v\000e\000\040\000e\000\040\000M\000o\000t\000i\000v\000a\000z\000i\000o\000n\000i}{subsection.4.4}% 18
\BOOKMARK [1][-]{section.5}{\376\377\000I\000n\000t\000e\000r\000a\000z\000i\000o\000n\000i\000\040\000c\000o\000n\000\040\000C\000o\000m\000p\000o\000n\000e\000n\000t\000i\000\040\000E\000s\000t\000e\000r\000n\000i\000:\000\040\000U\000n\000'\000A\000n\000a\000l\000i\000s\000i\000\040\000A\000p\000p\000r\000o\000f\000o\000n\000d\000i\000t\000a}{}% 19
\BOOKMARK [2][-]{subsection.5.1}{\376\377\000F\000i\000r\000e\000b\000a\000s\000e\000:\000\040\000A\000u\000t\000e\000n\000t\000i\000c\000a\000z\000i\000o\000n\000e\000,\000\040\000P\000e\000r\000s\000i\000s\000t\000e\000n\000z\000a\000\040\000d\000e\000i\000\040\000D\000a\000t\000i\000\040\000e\000\040\000S\000i\000n\000c\000r\000o\000n\000i\000z\000z\000a\000z\000i\000o\000n\000e}{section.5}% 20
\BOOKMARK [2][-]{subsection.5.2}{\376\377\000A\000P\000I\000\040\000E\000s\000t\000e\000r\000n\000e\000:\000\040\000D\000a\000t\000i\000\040\000F\000i\000n\000a\000n\000z\000i\000a\000r\000i\000\040\000i\000n\000\040\000T\000e\000m\000p\000o\000\040\000R\000e\000a\000l\000e}{section.5}% 21
\BOOKMARK [2][-]{subsection.5.3}{\376\377\000D\000a\000t\000a\000b\000a\000s\000e\000\040\000I\000n\000t\000e\000r\000n\000o\000:\000\040\000P\000e\000r\000s\000i\000s\000t\000e\000n\000z\000a\000\040\000L\000o\000c\000a\000l\000e\000\040\000e\000\040\000G\000e\000s\000t\000i\000o\000n\000e\000\040\000d\000e\000l\000l\000a\000\040\000S\000i\000n\000c\000r\000o\000n\000i\000z\000z\000a\000z\000i\000o\000n\000e}{section.5}% 22
\BOOKMARK [1][-]{section.6}{\376\377\000A\000r\000c\000h\000i\000t\000e\000t\000t\000u\000r\000a\000\040\000d\000e\000l\000\040\000F\000l\000u\000s\000s\000o\000\040\000d\000i\000\040\000D\000a\000t\000i}{}% 23
\BOOKMARK [1][-]{section.7}{\376\377\000C\000o\000n\000s\000i\000d\000e\000r\000a\000z\000i\000o\000n\000i}{}% 24
\BOOKMARK [1][-]{section.8}{\376\377\000S\000c\000h\000e\000m\000a\000\040\000A\000r\000c\000h\000i\000t\000e\000t\000t\000u\000r\000a\000l\000e\000\040\000C\000o\000m\000p\000l\000e\000s\000s\000i\000v\000o}{}% 25
\BOOKMARK [1][-]{section*.5}{\376\377\000A\000L\000G\000O\000R\000I\000T\000M\000O\000\040\000D\000I\000\040\000S\000I\000M\000U\000L\000A\000Z\000I\000O\000N\000E\000\040\000F\000I\000R\000E\000\040\000\050\000F\000I\000N\000A\000N\000C\000I\000A\000L\000\040\000I\000N\000D\000E\000P\000E\000N\000D\000E\000N\000C\000E\000,\000\040\000R\000E\000T\000I\000R\000E\000\040\000E\000A\000R\000L\000Y\000\051}{}% 26
\BOOKMARK [1][-]{section.9}{\376\377\000P\000r\000e\000a\000m\000b\000o\000l\000o}{}% 27
\BOOKMARK [1][-]{section.10}{\376\377\000P\000a\000n\000o\000r\000a\000m\000i\000c\000a\000\040\000d\000e\000l\000l\000'\000A\000l\000g\000o\000r\000i\000t\000m\000o}{}% 28
\BOOKMARK [1][-]{section.11}{\376\377\000C\000o\000m\000p\000o\000n\000e\000n\000t\000i\000\040\000e\000\040\000M\000o\000d\000u\000l\000i\000\040\000F\000o\000n\000d\000a\000m\000e\000n\000t\000a\000l\000i}{}% 29
\BOOKMARK [2][-]{subsection.11.1}{\376\377\000I\000n\000p\000u\000t\000\040\000e\000\040\000C\000o\000n\000f\000i\000g\000u\000r\000a\000z\000i\000o\000n\000e\000\040\000d\000e\000i\000\040\000D\000a\000t\000i}{section.11}% 30
\BOOKMARK [2][-]{subsection.11.2}{\376\377\000M\000o\000d\000e\000l\000l\000o\000\040\000d\000i\000\040\000R\000e\000n\000d\000i\000m\000e\000n\000t\000o\000\040\000d\000i\000\040\000M\000e\000r\000c\000a\000t\000o}{section.11}% 31
\BOOKMARK [2][-]{subsection.11.3}{\376\377\000M\000o\000d\000e\000l\000l\000o\000\040\000d\000i\000\040\000I\000n\000f\000l\000a\000z\000i\000o\000n\000e}{section.11}% 32
\BOOKMARK [2][-]{subsection.11.4}{\376\377\000M\000o\000d\000e\000l\000l\000o\000\040\000d\000i\000\040\000P\000r\000e\000l\000i\000e\000v\000o}{section.11}% 33
\BOOKMARK [2][-]{subsection.11.5}{\376\377\000M\000o\000d\000e\000l\000l\000o\000\040\000d\000i\000\040\000E\000v\000o\000l\000u\000z\000i\000o\000n\000e\000\040\000d\000e\000l\000\040\000P\000o\000r\000t\000a\000f\000o\000g\000l\000i\000o}{section.11}% 34
\BOOKMARK [2][-]{subsection.11.6}{\376\377\000C\000a\000l\000c\000o\000l\000o\000\040\000d\000e\000l\000\040\000T\000a\000s\000s\000o\000\040\000d\000i\000\040\000S\000u\000c\000c\000e\000s\000s\000o}{section.11}% 35
\BOOKMARK [1][-]{section.12}{\376\377\000A\000s\000s\000u\000n\000z\000i\000o\000n\000i\000\040\000e\000\040\000L\000i\000m\000i\000t\000a\000z\000i\000o\000n\000i}{}% 36
\BOOKMARK [1][-]{section.13}{\376\377\000C\000o\000n\000s\000i\000d\000e\000r\000a\000z\000i\000o\000n\000i\000\040\000A\000v\000a\000n\000z\000a\000t\000e}{}% 37
\BOOKMARK [1][-]{section.14}{\376\377\000C\000o\000n\000s\000i\000d\000e\000r\000a\000z\000i\000o\000n\000i}{}% 38
\BOOKMARK [1][-]{section*.6}{\376\377\000S\000I\000S\000T\000E\000M\000A\000\040\000D\000I\000\040\000S\000I\000N\000C\000R\000O\000N\000I\000Z\000Z\000A\000Z\000I\000O\000N\000E\000\040\000D\000A\000T\000I\000\040\000L\000O\000C\000A\000L\000E\000-\000R\000E\000M\000O\000T\000O\000\051}{}% 39
\BOOKMARK [1][-]{section.15}{\376\377\000P\000r\000e\000a\000m\000b\000o\000l\000o}{}% 40
\BOOKMARK [1][-]{section.16}{\376\377\000A\000r\000c\000h\000i\000t\000e\000t\000t\000u\000r\000a\000\040\000d\000e\000l\000\040\000S\000i\000s\000t\000e\000m\000a}{}% 41
\BOOKMARK [1][-]{section.17}{\376\377\000C\000o\000m\000p\000o\000n\000e\000n\000t\000i\000\040\000d\000e\000l\000\040\000S\000i\000s\000t\000e\000m\000a}{}% 42
\BOOKMARK [2][-]{subsection.17.1}{\376\377\000S\000y\000n\000c\000W\000o\000r\000k\000e\000r}{section.17}% 43
\BOOKMARK [2][-]{subsection.17.2}{\376\377\000S\000y\000n\000c\000Q\000u\000e\000u\000e\000I\000t\000e\000m}{section.17}% 44
\BOOKMARK [2][-]{subsection.17.3}{\376\377\000S\000y\000n\000c\000Q\000u\000e\000u\000e\000I\000t\000e\000m\000R\000e\000p\000o\000s\000i\000t\000o\000r\000y}{section.17}% 45
\BOOKMARK [2][-]{subsection.17.4}{\376\377\000S\000y\000n\000c\000O\000p\000e\000r\000a\000t\000i\000o\000n\000S\000c\000h\000e\000d\000u\000l\000e\000r}{section.17}% 46
\BOOKMARK [2][-]{subsection.17.5}{\376\377\000S\000y\000n\000c\000O\000p\000e\000r\000a\000t\000i\000o\000n\000R\000e\000s\000u\000l\000t}{section.17}% 47
\BOOKMARK [1][-]{section.18}{\376\377\000F\000l\000u\000s\000s\000o\000\040\000d\000i\000\040\000S\000i\000n\000c\000r\000o\000n\000i\000z\000z\000a\000z\000i\000o\000n\000e}{}% 48
\BOOKMARK [1][-]{section.19}{\376\377\000G\000e\000s\000t\000i\000o\000n\000e\000\040\000E\000r\000r\000o\000r\000i\000\040\000e\000\040\000R\000e\000t\000r\000y}{}% 49
\BOOKMARK [1][-]{section.20}{\376\377\000C\000o\000n\000s\000i\000d\000e\000r\000a\000z\000i\000o\000n\000i\000\040\000s\000u\000l\000l\000a\000\040\000P\000e\000r\000f\000o\000r\000m\000a\000n\000c\000e}{}% 50
\BOOKMARK [1][-]{section.21}{\376\377\000A\000l\000g\000o\000r\000i\000t\000m\000o\000\040\000d\000i\000\040\000S\000i\000n\000c\000r\000o\000n\000i\000z\000z\000a\000z\000i\000o\000n\000e}{}% 51
\BOOKMARK [2][-]{subsection.21.1}{\376\377\000L\000o\000g\000i\000c\000a\000\040\000d\000i\000\040\000F\000u\000n\000z\000i\000o\000n\000a\000m\000e\000n\000t\000o}{section.21}% 52
\BOOKMARK [2][-]{subsection.21.2}{\376\377\000G\000e\000s\000t\000i\000o\000n\000e\000\040\000d\000e\000i\000\040\000C\000o\000n\000f\000l\000i\000t\000t\000i}{section.21}% 53
\BOOKMARK [2][-]{subsection.21.3}{\376\377\000P\000u\000l\000i\000z\000i\000a\000\040\000d\000e\000l\000l\000a\000\040\000C\000o\000d\000a}{section.21}% 54
\BOOKMARK [1][-]{section*.7}{\376\377\000G\000R\000A\000F\000I\000C\000A\000\040\000U\000I\000\040\000U\000X}{}% 55
\BOOKMARK [1][-]{section.22}{\376\377\000P\000r\000e\000a\000m\000b\000o\000l\000o}{}% 56
\BOOKMARK [1][-]{section.23}{\376\377\000I\000s\000p\000i\000r\000a\000z\000i\000o\000n\000e}{}% 57
\BOOKMARK [1][-]{section.24}{\376\377\000C\000o\000l\000o\000r\000i\000\040\000e\000\040\000T\000i\000p\000o\000g\000r\000a\000f\000i\000a}{}% 58
\BOOKMARK [1][-]{section*.14}{\376\377\000C\000o\000n\000c\000l\000u\000s\000i\000o\000n\000i}{}% 59
